07 18:27 | Completed configuring logger()!
07 18:27 | 
	 ...End of validation... 
	 Processing time 0.8 seconds. 
07 18:27 | 	 ...Writing results to spreadsheet..

07 18:27 | 	 >>> endval 542  chunksize 109 <<< 

07 18:27 | results book name : output\./2019.08.28 TSS AMDS Full_(closed_eps)_2019-09-07-18-27.xlsx
07 18:27 | 	 ...End of Program...

07 18:28 | Completed configuring logger()!
07 18:28 | 
	 ...End of validation... 
	 Processing time 0.84 seconds. 
07 18:28 | 	 ...Writing results to spreadsheet..

07 18:28 | 	 >>> endval 542  chunksize 109 <<< 

07 18:28 | end row number : 111 
07 18:28 | end row number : 220 
07 18:28 | end row number : 329 
07 18:28 | end row number : 438 
07 18:28 | end row number : 460 
07 18:28 | end row number : 482 
07 18:28 | end row number : 504 
07 18:28 | end row number : 526 
07 18:28 | end row number : 530 
07 18:28 | end row number : 534 
07 18:28 | end row number : 538 
07 18:28 | end row number : 542 
07 18:28 | end row number : 543 
07 18:28 | end row number : 544 
07 18:28 | results book name : output\./2019.08.28 TSS AMDS Full_(closed_eps)_2019-09-07-18-28.xlsx
07 18:28 | 	 ...End of Program...

07 18:32 | Completed configuring logger()!
07 18:32 | 
	 ...End of validation... 
	 Processing time 0.8 seconds. 
07 18:32 | 	 ...Writing results to spreadsheet..

07 18:32 | 	 >>> endval 542  chunksize 109 <<< 

07 18:32 | end row number : 111 
07 18:32 | end row number : 220 
07 18:32 | end row number : 329 
07 18:32 | end row number : 438 
07 18:32 | end row number : 460 
07 18:32 | end row number : 482 
07 18:32 | end row number : 504 
07 18:32 | end row number : 526 
07 18:32 | end row number : 530 
07 18:32 | end row number : 534 
07 18:32 | end row number : 538 
07 18:32 | end row number : 542 
07 18:32 | end row number : 543 
07 18:32 | end row number : 544 
07 18:32 | results book name : output\./2019.08.28 TSS AMDS Full_(closed_eps)_2019-09-07-18-32.xlsx
07 18:32 | 	 ...End of Program...

07 18:46 | Completed configuring logger()!
07 18:46 | Completed configuring logger()!
07 18:47 | 
	 ...End of validation... 
	 Processing time 0.82 seconds. 
07 18:47 | 	 ...Writing results to spreadsheet..

07 18:47 | 	 >>> endval 542  chunksize 109 <<< 

07 18:47 | end row number : 111 
07 18:47 | end row number : 220 
07 18:47 | end row number : 329 
07 18:47 | end row number : 438 
07 18:47 | end row number : 460 
07 18:47 | end row number : 482 
07 18:47 | end row number : 504 
07 18:47 | end row number : 526 
07 18:47 | end row number : 530 
07 18:47 | end row number : 534 
07 18:47 | end row number : 538 
07 18:47 | end row number : 542 
07 18:47 | end row number : 543 
07 18:47 | end row number : 544 
07 18:47 | results book name : output\./2019.08.28 TSS AMDS Full_(closed_eps)_2019-09-07-18-47.xlsx
07 18:47 | 	 ...End of Program...

07 19:01 | Completed configuring logger()!
07 19:01 | 
	 ...End of validation... 
	 Processing time 0.81 seconds. 
07 19:01 | 	 ...Writing results to spreadsheet..

07 19:01 | 	 >>> endval 542  chunksize 109 <<< 

07 19:01 | end row number : 111 
07 19:01 | end row number : 220 
07 19:01 | end row number : 329 
07 19:01 | end row number : 438 
07 19:01 | end row number : 460 
07 19:01 | end row number : 482 
07 19:01 | end row number : 504 
07 19:01 | end row number : 526 
07 19:01 | end row number : 530 
07 19:01 | end row number : 534 
07 19:01 | end row number : 538 
07 19:01 | end row number : 542 
07 19:01 | end row number : 543 
07 19:01 | end row number : 544 
07 19:01 | results book name : output\./2019.08.28 TSS AMDS Full_(closed_eps)_2019-09-07-19-01.xlsx
07 19:01 | 	 ...End of Program...

07 19:04 | Completed configuring logger()!
07 19:04 | 
	 ...End of validation... 
	 Processing time 0.56 seconds. 
07 19:04 | 	 ...Writing results to spreadsheet..

07 19:04 | 	 >>> endval 542  chunksize 109 <<< 

07 19:04 | end row number : 111 
07 19:04 | end row number : 220 
07 19:04 | end row number : 329 
07 19:04 | end row number : 438 
07 19:04 | end row number : 460 
07 19:04 | end row number : 482 
07 19:04 | end row number : 504 
07 19:04 | end row number : 526 
07 19:04 | end row number : 530 
07 19:04 | end row number : 534 
07 19:04 | end row number : 538 
07 19:04 | end row number : 542 
07 19:04 | end row number : 543 
07 19:04 | end row number : 544 
07 19:04 | results book name : output\./2019.08.28 TSS AMDS Full_(closed_eps)_2019-09-07-19-04.xlsx
07 19:04 | 	 ...End of Program...

07 19:22 | Completed configuring logger()!
07 19:23 | Completed configuring logger()!
07 19:27 | Completed configuring logger()!
07 19:30 | Completed configuring logger()!
07 19:30 | Completed configuring logger()!
07 19:31 | Completed configuring logger()!
07 19:31 | 
	 ...End of validation... 
	 Processing time 0.55 seconds. 
07 19:31 | 	 ...Writing results to spreadsheet..

07 19:31 | 	 >>> endval 542  chunksize 109 <<< 

07 19:31 | end row number : 111 
07 19:31 | end row number : 220 
07 19:31 | end row number : 329 
07 19:31 | end row number : 438 
07 19:31 | end row number : 460 
07 19:31 | end row number : 482 
07 19:31 | end row number : 504 
07 19:31 | end row number : 526 
07 19:31 | end row number : 530 
07 19:31 | end row number : 534 
07 19:31 | end row number : 538 
07 19:31 | end row number : 542 
07 19:31 | end row number : 543 
07 19:31 | end row number : 544 
07 19:31 | results book name : output\./2019.08.28 TSS AMDS Full_(closed_eps)_2019-09-07-19-31.xlsx
07 19:31 | 	 ...End of Program...

07 19:31 | Completed configuring logger()!
07 19:33 | Completed configuring logger()!
07 19:35 | Completed configuring logger()!
07 19:35 | 
	 ...End of validation... 
	 Processing time 0.53 seconds. 
07 19:35 | 	 ...Writing results to spreadsheet..

07 19:35 | 	 >>> endval 74  chunksize 15 <<< 

07 19:35 | end row number : 17 
07 19:35 | end row number : 32 
07 19:35 | end row number : 47 
07 19:35 | end row number : 62 
07 19:35 | end row number : 65 
07 19:36 | end row number : 68 
07 19:36 | end row number : 71 
07 19:36 | end row number : 74 
07 19:36 | end row number : 75 
07 19:36 | end row number : 76 
07 19:36 | results book name : output\./Althea-Jan-June2019-2_(with_open_eps)_2019-09-07-19-36.xlsx
07 19:36 | 	 ...End of Program...

07 19:36 | result file name  C:\Users\aftab.jalal\dev\MDSValidator\output\Althea-Jan-June2019-2_(with_open_eps)_2019-09-07-19-36.xlsx
07 19:36 | Finished writing to result file. It was closed.
07 19:36 | Completed configuring logger()!
07 19:36 | 
	 ...End of validation... 
	 Processing time 0.53 seconds. 
07 19:36 | 	 ...Writing results to spreadsheet..

07 19:36 | 	 >>> endval 74  chunksize 15 <<< 

07 19:36 | end row number : 17 
07 19:36 | end row number : 32 
07 19:36 | end row number : 47 
07 19:36 | end row number : 62 
07 19:36 | end row number : 65 
07 19:36 | end row number : 68 
07 19:36 | end row number : 71 
07 19:36 | end row number : 74 
07 19:36 | end row number : 75 
07 19:36 | end row number : 76 
07 19:36 | results book name : output\./Althea-Jan-June2019-2_(with_open_eps)_2019-09-07-19-36.xlsx
07 19:36 | 	 ...End of Program...

07 19:36 | result file name  C:\Users\aftab.jalal\dev\MDSValidator\output\Althea-Jan-June2019-2_(with_open_eps)_2019-09-07-19-36.xlsx
07 19:36 | Finished writing to result file. It was closed.
